Android/app/build/intermediates/manifest_merge_blame_file/debug/manifest-merger-blame-debug-report.txt
1<?xml version="1.0" encoding="utf-8"?>
2<manifest xmlns:android="http://schemas.android.com/apk/res/android"
3    package="com.example.edconcierge"
4    android:versionCode="1"
5    android:versionName="1.0" >
6
7    <uses-sdk
8        android:minSdkVersion="23"
8-->src/main/AndroidManifest.xml
9        android:targetSdkVersion="29" />
9-->src/main/AndroidManifest.xml
10
11    <!-- Although the *SdkVersion is captured in gradle build files, this is required for non gradle builds -->
12    <!-- <uses-sdk android:minSdkVersion="14" /> -->
13    <uses-permission android:name="android.permission.ACCESS_NETWORK_STATE" />
13-->[com.google.firebase:firebase-firestore:21.4.1] AndroidManifest.xml:13:5-79
13-->[com.google.firebase:firebase-firestore:21.4.1] AndroidManifest.xml:13:22-76
14    <uses-permission android:name="android.permission.INTERNET" />
14-->[com.google.firebase:firebase-firestore:21.4.1] AndroidManifest.xml:14:5-67
14-->[com.google.firebase:firebase-firestore:21.4.1] AndroidManifest.xml:14:22-64
15    <uses-permission android:name="android.permission.WAKE_LOCK" /> <!-- Required by older versions of Google Play services to create IID tokens -->
15-->[com.google.android.gms:play-services-measurement-api:17.2.3] AndroidManifest.xml:24:5-68
15-->[com.google.android.gms:play-services-measurement-api:17.2.3] AndroidManifest.xml:24:22-65
16    <uses-permission android:name="com.google.android.c2dm.permission.RECEIVE" />
16-->[com.google.firebase:firebase-iid:20.1.0] AndroidManifest.xml:26:5-82
16-->[com.google.firebase:firebase-iid:20.1.0] AndroidManifest.xml:26:22-79
17    <uses-permission android:name="com.google.android.finsky.permission.BIND_GET_INSTALL_REFERRER_SERVICE" />
17-->[com.google.android.gms:play-services-measurement:17.2.3] AndroidManifest.xml:26:5-110
17-->[com.google.android.gms:play-services-measurement:17.2.3] AndroidManifest.xml:26:22-107
18
19    <application
19-->src/main/AndroidManifest.xml:5:5-42:19
20        android:allowBackup="true"
20-->src/main/AndroidManifest.xml:6:9-35
21        android:appComponentFactory="androidx.core.app.CoreComponentFactory"
21-->[androidx.core:core:1.1.0] AndroidManifest.xml:24:18-86
22        android:debuggable="true"
23        android:icon="@mipmap/ic_launcher"
23-->src/main/AndroidManifest.xml:7:9-43
24        android:label="@string/app_name"
24-->src/main/AndroidManifest.xml:8:9-41
25        android:roundIcon="@mipmap/ic_launcher_round"
25-->src/main/AndroidManifest.xml:9:9-54
26        android:supportsRtl="true"
26-->src/main/AndroidManifest.xml:10:9-35
27        android:testOnly="true"
28        android:theme="@style/Theme.AppCompat.Light.NoActionBar" >
28-->src/main/AndroidManifest.xml:11:9-65
29        <activity
29-->src/main/AndroidManifest.xml:12:9-14:45
30            android:name="com.example.edconcierge.MessageActivity"
30-->src/main/AndroidManifest.xml:12:19-50
31            android:launchMode="singleTop"
31-->src/main/AndroidManifest.xml:14:13-43
32            android:theme="@style/AppTheme.SlidrActivityTheme" />
32-->src/main/AndroidManifest.xml:13:13-63
33        <!-- signleTop mode -->
34        <activity android:name="com.example.edconcierge.Splash" >
34-->src/main/AndroidManifest.xml:16:9-22:20
34-->src/main/AndroidManifest.xml:16:19-41
35            <intent-filter>
35-->src/main/AndroidManifest.xml:17:13-21:29
36                <action android:name="android.intent.action.MAIN" />
36-->src/main/AndroidManifest.xml:18:17-69
36-->src/main/AndroidManifest.xml:18:25-66
37
38                <category android:name="android.intent.category.LAUNCHER" />
38-->src/main/AndroidManifest.xml:20:17-77
38-->src/main/AndroidManifest.xml:20:27-74
39            </intent-filter>
40        </activity>
41        <activity
41-->src/main/AndroidManifest.xml:23:9-26:45
42            android:name="com.example.edconcierge.NavigationActivity"
42-->src/main/AndroidManifest.xml:24:13-47
43            android:launchMode="singleTop"
43-->src/main/AndroidManifest.xml:26:13-43
44            android:theme="@style/AppTheme.SlidrActivityTheme" />
44-->src/main/AndroidManifest.xml:25:13-63
45        <activity
45-->src/main/AndroidManifest.xml:27:9-30:45
46            android:name="com.example.edconcierge.InformationActivity"
46-->src/main/AndroidManifest.xml:28:13-48
47            android:launchMode="singleTop"
47-->src/main/AndroidManifest.xml:30:13-43
48            android:theme="@style/AppTheme.SlidrActivityTheme" />
48-->src/main/AndroidManifest.xml:29:13-63
49        <activity android:name="com.example.edconcierge.MainActivity" />
49-->src/main/AndroidManifest.xml:32:9-50
49-->src/main/AndroidManifest.xml:32:19-47
50        <activity android:name="com.example.edconcierge.ChoosingHospitalActivity" />
50-->src/main/AndroidManifest.xml:33:9-62
50-->src/main/AndroidManifest.xml:33:19-59
51
52        <service
52-->src/main/AndroidManifest.xml:35:9-41:19
53            android:name="com.example.edconcierge.MyFirebaseMessagingService"
53-->src/main/AndroidManifest.xml:36:13-55
54            android:exported="false" >
54-->src/main/AndroidManifest.xml:37:13-37
55            <intent-filter>
55-->src/main/AndroidManifest.xml:38:13-40:29
56                <action android:name="com.google.firebase.MESSAGING_EVENT" />
56-->src/main/AndroidManifest.xml:39:17-78
56-->src/main/AndroidManifest.xml:39:25-75
57            </intent-filter>
58        </service>
59        <service
59-->[com.google.firebase:firebase-firestore:21.4.1] AndroidManifest.xml:17:9-23:19
60            android:name="com.google.firebase.components.ComponentDiscoveryService"
60-->[com.google.firebase:firebase-firestore:21.4.1] AndroidManifest.xml:18:13-84
61            android:directBootAware="true"
61-->[com.google.firebase:firebase-common:19.3.0] AndroidManifest.xml:34:13-43
62            android:exported="false" >
62-->[com.google.firebase:firebase-firestore:21.4.1] AndroidManifest.xml:19:13-37
63            <meta-data
63-->[com.google.firebase:firebase-firestore:21.4.1] AndroidManifest.xml:20:13-22:85
64                android:name="com.google.firebase.components:com.google.firebase.firestore.FirestoreRegistrar"
64-->[com.google.firebase:firebase-firestore:21.4.1] AndroidManifest.xml:21:17-111
65                android:value="com.google.firebase.components.ComponentRegistrar" />
65-->[com.google.firebase:firebase-firestore:21.4.1] AndroidManifest.xml:22:17-82
66            <meta-data
66-->[com.google.firebase:firebase-messaging:20.1.1] AndroidManifest.xml:38:13-40:85
67                android:name="com.google.firebase.components:com.google.firebase.messaging.FirebaseMessagingRegistrar"
67-->[com.google.firebase:firebase-messaging:20.1.1] AndroidManifest.xml:39:17-119
68                android:value="com.google.firebase.components.ComponentRegistrar" />
68-->[com.google.firebase:firebase-messaging:20.1.1] AndroidManifest.xml:40:17-82
69            <meta-data
69-->[com.google.android.gms:play-services-measurement-api:17.2.3] AndroidManifest.xml:30:13-32:85
70                android:name="com.google.firebase.components:com.google.firebase.analytics.connector.internal.AnalyticsConnectorRegistrar"
70-->[com.google.android.gms:play-services-measurement-api:17.2.3] AndroidManifest.xml:31:17-139
71                android:value="com.google.firebase.components.ComponentRegistrar" />
71-->[com.google.android.gms:play-services-measurement-api:17.2.3] AndroidManifest.xml:32:17-82
72            <meta-data
72-->[com.google.firebase:firebase-iid:20.1.0] AndroidManifest.xml:32:13-34:85
73                android:name="com.google.firebase.components:com.google.firebase.iid.Registrar"
73-->[com.google.firebase:firebase-iid:20.1.0] AndroidManifest.xml:33:17-96
74                android:value="com.google.firebase.components.ComponentRegistrar" />
74-->[com.google.firebase:firebase-iid:20.1.0] AndroidManifest.xml:34:17-82
75            <meta-data
75-->[com.google.firebase:firebase-datatransport:17.0.3] AndroidManifest.xml:28:13-30:85
76                android:name="com.google.firebase.components:com.google.firebase.datatransport.TransportRegistrar"
76-->[com.google.firebase:firebase-datatransport:17.0.3] AndroidManifest.xml:29:17-115
77                android:value="com.google.firebase.components.ComponentRegistrar" />
77-->[com.google.firebase:firebase-datatransport:17.0.3] AndroidManifest.xml:30:17-82
78            <meta-data
78-->[com.google.firebase:firebase-installations:16.0.0] AndroidManifest.xml:17:13-19:85
79                android:name="com.google.firebase.components:com.google.firebase.installations.FirebaseInstallationsRegistrar"
79-->[com.google.firebase:firebase-installations:16.0.0] AndroidManifest.xml:18:17-127
80                android:value="com.google.firebase.components.ComponentRegistrar" />
80-->[com.google.firebase:firebase-installations:16.0.0] AndroidManifest.xml:19:17-82
81        </service>
82        <!--
83             FirebaseMessagingService performs security checks at runtime,
84             but set to not exported to explicitly avoid allowing another app to call it.
85        -->
86        <service
86-->[com.google.firebase:firebase-messaging:20.1.1] AndroidManifest.xml:28:9-34:19
87            android:name="com.google.firebase.messaging.FirebaseMessagingService"
87-->[com.google.firebase:firebase-messaging:20.1.1] AndroidManifest.xml:29:13-82
88            android:exported="false" >
88-->[com.google.firebase:firebase-messaging:20.1.1] AndroidManifest.xml:30:13-37
89            <intent-filter android:priority="-500" >
89-->src/main/AndroidManifest.xml:38:13-40:29
90                <action android:name="com.google.firebase.MESSAGING_EVENT" />
90-->src/main/AndroidManifest.xml:39:17-78
90-->src/main/AndroidManifest.xml:39:25-75
91            </intent-filter>
92        </service>
93
94        <receiver
94-->[com.google.firebase:firebase-iid:20.1.0] AndroidManifest.xml:37:9-44:20
95            android:name="com.google.firebase.iid.FirebaseInstanceIdReceiver"
95-->[com.google.firebase:firebase-iid:20.1.0] AndroidManifest.xml:38:13-78
96            android:exported="true"
96-->[com.google.firebase:firebase-iid:20.1.0] AndroidManifest.xml:39:13-36
97            android:permission="com.google.android.c2dm.permission.SEND" >
97-->[com.google.firebase:firebase-iid:20.1.0] AndroidManifest.xml:40:13-73
98            <intent-filter>
98-->[com.google.firebase:firebase-iid:20.1.0] AndroidManifest.xml:41:13-43:29
99                <action android:name="com.google.android.c2dm.intent.RECEIVE" />
99-->[com.google.firebase:firebase-iid:20.1.0] AndroidManifest.xml:42:17-81
99-->[com.google.firebase:firebase-iid:20.1.0] AndroidManifest.xml:42:25-78
100            </intent-filter>
101        </receiver>
102
103        <activity
103-->[com.google.android.gms:play-services-base:17.0.0] AndroidManifest.xml:23:9-26:75
104            android:name="com.google.android.gms.common.api.GoogleApiActivity"
104-->[com.google.android.gms:play-services-base:17.0.0] AndroidManifest.xml:24:13-79
105            android:exported="false"
105-->[com.google.android.gms:play-services-base:17.0.0] AndroidManifest.xml:25:13-37
106            android:theme="@android:style/Theme.Translucent.NoTitleBar" />
106-->[com.google.android.gms:play-services-base:17.0.0] AndroidManifest.xml:26:13-72
107
108        <provider
108-->[com.google.firebase:firebase-common:19.3.0] AndroidManifest.xml:26:9-30:39
109            android:name="com.google.firebase.provider.FirebaseInitProvider"
109-->[com.google.firebase:firebase-common:19.3.0] AndroidManifest.xml:27:13-77
110            android:authorities="com.example.edconcierge.firebaseinitprovider"
110-->[com.google.firebase:firebase-common:19.3.0] AndroidManifest.xml:28:13-72
111            android:exported="false"
111-->[com.google.firebase:firebase-common:19.3.0] AndroidManifest.xml:29:13-37
112            android:initOrder="100" />
112-->[com.google.firebase:firebase-common:19.3.0] AndroidManifest.xml:30:13-36
113
114        <receiver
114-->[com.google.android.gms:play-services-measurement:17.2.3] AndroidManifest.xml:29:9-33:20
115            android:name="com.google.android.gms.measurement.AppMeasurementReceiver"
115-->[com.google.android.gms:play-services-measurement:17.2.3] AndroidManifest.xml:30:13-85
116            android:enabled="true"
116-->[com.google.android.gms:play-services-measurement:17.2.3] AndroidManifest.xml:31:13-35
117            android:exported="false" >
117-->[com.google.android.gms:play-services-measurement:17.2.3] AndroidManifest.xml:32:13-37
118        </receiver>
119        <receiver
119-->[com.google.android.gms:play-services-measurement:17.2.3] AndroidManifest.xml:34:9-42:20
120            android:name="com.google.android.gms.measurement.AppMeasurementInstallReferrerReceiver"
120-->[com.google.android.gms:play-services-measurement:17.2.3] AndroidManifest.xml:35:13-100
121            android:enabled="true"
121-->[com.google.android.gms:play-services-measurement:17.2.3] AndroidManifest.xml:36:13-35
122            android:exported="true"
122-->[com.google.android.gms:play-services-measurement:17.2.3] AndroidManifest.xml:37:13-36
123            android:permission="android.permission.INSTALL_PACKAGES" >
123-->[com.google.android.gms:play-services-measurement:17.2.3] AndroidManifest.xml:38:13-69
124            <intent-filter>
124-->[com.google.android.gms:play-services-measurement:17.2.3] AndroidManifest.xml:39:13-41:29
125                <action android:name="com.android.vending.INSTALL_REFERRER" />
125-->[com.google.android.gms:play-services-measurement:17.2.3] AndroidManifest.xml:40:17-79
125-->[com.google.android.gms:play-services-measurement:17.2.3] AndroidManifest.xml:40:25-76
126            </intent-filter>
127        </receiver>
128
129        <service
129-->[com.google.android.gms:play-services-measurement:17.2.3] AndroidManifest.xml:44:9-47:40
130            android:name="com.google.android.gms.measurement.AppMeasurementService"
130-->[com.google.android.gms:play-services-measurement:17.2.3] AndroidManifest.xml:45:13-84
131            android:enabled="true"
131-->[com.google.android.gms:play-services-measurement:17.2.3] AndroidManifest.xml:46:13-35
132            android:exported="false" />
132-->[com.google.android.gms:play-services-measurement:17.2.3] AndroidManifest.xml:47:13-37
133        <service
133-->[com.google.android.gms:play-services-measurement:17.2.3] AndroidManifest.xml:48:9-52:72
134            android:name="com.google.android.gms.measurement.AppMeasurementJobService"
134-->[com.google.android.gms:play-services-measurement:17.2.3] AndroidManifest.xml:49:13-87
135            android:enabled="true"
135-->[com.google.android.gms:play-services-measurement:17.2.3] AndroidManifest.xml:50:13-35
136            android:exported="false"
136-->[com.google.android.gms:play-services-measurement:17.2.3] AndroidManifest.xml:51:13-37
137            android:permission="android.permission.BIND_JOB_SERVICE" />
137-->[com.google.android.gms:play-services-measurement:17.2.3] AndroidManifest.xml:52:13-69
138
139        <meta-data
139-->[com.google.android.gms:play-services-basement:17.0.0] AndroidManifest.xml:23:9-25:69
140            android:name="com.google.android.gms.version"
140-->[com.google.android.gms:play-services-basement:17.0.0] AndroidManifest.xml:24:13-58
141            android:value="@integer/google_play_services_version" />
141-->[com.google.android.gms:play-services-basement:17.0.0] AndroidManifest.xml:25:13-66
142
143        <provider
143-->[androidx.lifecycle:lifecycle-process:2.2.0] AndroidManifest.xml:25:9-29:43
144            android:name="androidx.lifecycle.ProcessLifecycleOwnerInitializer"
144-->[androidx.lifecycle:lifecycle-process:2.2.0] AndroidManifest.xml:26:13-79
145            android:authorities="com.example.edconcierge.lifecycle-process"
145-->[androidx.lifecycle:lifecycle-process:2.2.0] AndroidManifest.xml:27:13-69
146            android:exported="false"
146-->[androidx.lifecycle:lifecycle-process:2.2.0] AndroidManifest.xml:28:13-37
147            android:multiprocess="true" />
147-->[androidx.lifecycle:lifecycle-process:2.2.0] AndroidManifest.xml:29:13-40
148
149        <service
149-->[com.google.android.datatransport:transport-backend-cct:2.2.0] AndroidManifest.xml:29:9-35:19
150            android:name="com.google.android.datatransport.runtime.backends.TransportBackendDiscovery"
150-->[com.google.android.datatransport:transport-backend-cct:2.2.0] AndroidManifest.xml:30:13-103
151            android:exported="false" >
151-->[com.google.android.datatransport:transport-backend-cct:2.2.0] AndroidManifest.xml:31:13-37
152            <meta-data
152-->[com.google.android.datatransport:transport-backend-cct:2.2.0] AndroidManifest.xml:32:13-34:39
153                android:name="backend:com.google.android.datatransport.cct.CctBackendFactory"
153-->[com.google.android.datatransport:transport-backend-cct:2.2.0] AndroidManifest.xml:33:17-94
154                android:value="cct" />
154-->[com.google.android.datatransport:transport-backend-cct:2.2.0] AndroidManifest.xml:34:17-36
155        </service>
156        <service
156-->[com.google.android.datatransport:transport-runtime:2.2.0] AndroidManifest.xml:26:9-30:19
157            android:name="com.google.android.datatransport.runtime.scheduling.jobscheduling.JobInfoSchedulerService"
157-->[com.google.android.datatransport:transport-runtime:2.2.0] AndroidManifest.xml:27:13-117
158            android:exported="false"
158-->[com.google.android.datatransport:transport-runtime:2.2.0] AndroidManifest.xml:28:13-37
159            android:permission="android.permission.BIND_JOB_SERVICE" >
159-->[com.google.android.datatransport:transport-runtime:2.2.0] AndroidManifest.xml:29:13-69
160        </service>
161
162        <receiver
162-->[com.google.android.datatransport:transport-runtime:2.2.0] AndroidManifest.xml:32:9-34:40
163            android:name="com.google.android.datatransport.runtime.scheduling.jobscheduling.AlarmManagerSchedulerBroadcastReceiver"
163-->[com.google.android.datatransport:transport-runtime:2.2.0] AndroidManifest.xml:33:13-132
164            android:exported="false" />
164-->[com.google.android.datatransport:transport-runtime:2.2.0] AndroidManifest.xml:34:13-37
165    </application>
166
167</manifest>